This is pdfTeX, Version 3.14159265-2.6-1.40.15 (TeX Live 2014) (preloaded format=pdflatex 2014.5.25)  5 MAR 2015 15:37
entering extended mode
 restricted \write18 enabled.
 %&-line parsing enabled.
**portada.tex
(./portada.tex
LaTeX2e <2014/05/01>
Babel <3.9k> and hyphenation patterns for 78 languages loaded.

! LaTeX Error: Environment titlepage undefined.

See the LaTeX manual or LaTeX Companion for explanation.
Type  H <return>  for immediate help.
 ...                                              
                                                  
l.1 \begin{titlepage}
                     
Your command was ignored.
Type  I <command> <return>  to replace it with another command,
or  <return>  to continue without it.


! LaTeX Error: Missing \begin{document}.

See the LaTeX manual or LaTeX Companion for explanation.
Type  H <return>  for immediate help.
 ...                                              
                                                  
l.4 \begin{center}
                  
You're in trouble here.  Try typing  <return>  to proceed.
If that doesn't work, type  X <return>  to quit.

! Undefined control sequence.
<recently read> \Large 
                       
l.6 ...ge Instituto Aut\'onoma de Baja California}
                                                  \\
The control sequence at the end of the top line
of your error message was never \def'ed. If you have
misspelled it (e.g., `\hobx'), type `I' and the correct
spelling (e.g., `I\hbox'). Otherwise just continue,
and I'll forget about whatever was undefined.


Overfull \hbox (48.01083pt too wide) in paragraph at lines 6--6
 \OT1/cmr/m/sc/10 Instituto 
 []


Overfull \hbox (52.33585pt too wide) in paragraph at lines 6--6
 \OT1/cmr/m/sc/10 Aut[]onoma 
 []


Overfull \hbox (11.82217pt too wide) in paragraph at lines 6--6
 \OT1/cmr/m/sc/10 de 
 []


Overfull \hbox (24.21931pt too wide) in paragraph at lines 6--6
 \OT1/cmr/m/sc/10 Baja 
 []


Overfull \hbox (22.9054pt too wide) in paragraph at lines 6--6
 \OT1/cmr/m/sc/10 Cal- 
 []


Overfull \hbox (6.79994pt too wide) in paragraph at lines 6--6
 \OT1/cmr/m/sc/10 i- 
 []


Overfull \hbox (21.28879pt too wide) in paragraph at lines 6--6
 \OT1/cmr/m/sc/10 for- 
 []


Overfull \hbox (15.28883pt too wide) in paragraph at lines 6--6
 \OT1/cmr/m/sc/10 nia 
 []

! Undefined control sequence.
l.7 {\large
            Facultad de Ciencias Qu\'imicas e Ingenier\'ia}\\
The control sequence at the end of the top line
of your error message was never \def'ed. If you have
misspelled it (e.g., `\hobx'), type `I' and the correct
spelling (e.g., `I\hbox'). Otherwise just continue,
and I'll forget about whatever was undefined.

Missing character: There is no F in font nullfont!
Missing character: There is no a in font nullfont!
Missing character: There is no c in font nullfont!
Missing character: There is no u in font nullfont!
Missing character: There is no l in font nullfont!
Missing character: There is no t in font nullfont!
Missing character: There is no a in font nullfont!
Missing character: There is no d in font nullfont!
Missing character: There is no d in font nullfont!
Missing character: There is no e in font nullfont!
Missing character: There is no C in font nullfont!
Missing character: There is no i in font nullfont!
Missing character: There is no e in font nullfont!
Missing character: There is no n in font nullfont!
Missing character: There is no c in font nullfont!
Missing character: There is no i in font nullfont!
Missing character: There is no a in font nullfont!
Missing character: There is no s in font nullfont!
Missing character: There is no Q in font nullfont!
Missing character: There is no u in font nullfont!
LaTeX Font Info:    Try loading font information for +cmr on input line 7.
LaTeX Font Info:    No file cmr.fd. on input line 7.

LaTeX Font Warning: Font shape `/cmr/m/n' undefined
(Font)              using `/cmr/m/n' instead on input line 7.

! Corrupted NFSS tables.
wrong@fontshape ...message {Corrupted NFSS tables}
                                                  error@fontshape else let f...
l.7 {\large Facultad de Ciencias Qu\'i
                                      micas e Ingenier\'ia}\\
This error message was generated by an \errmessage
command, so I can't give any explicit help.
Pretend that you're Hercule Poirot: Examine all clues,
and deduce the truth by order and method.


LaTeX Font Warning: Font shape `/cmr/m/n' undefined
(Font)              using `OT1/cmr/m/n' instead on input line 7.

Missing character: There is no m in font nullfont!
Missing character: There is no i in font nullfont!
Missing character: There is no c in font nullfont!
Missing character: There is no a in font nullfont!
Missing character: There is no s in font nullfont!
Missing character: There is no e in font nullfont!
Missing character: There is no I in font nullfont!
Missing character: There is no n in font nullfont!
Missing character: There is no g in font nullfont!
Missing character: There is no e in font nullfont!
Missing character: There is no n in font nullfont!
Missing character: There is no i in font nullfont!
Missing character: There is no e in font nullfont!
Missing character: There is no r in font nullfont!
Missing character: There is no a in font nullfont!

Overfull \hbox (7.7778pt too wide) in paragraph at lines 7--7
 \/cmr/m/n/10 ^^Si 
 []


Overfull \hbox (2.77779pt too wide) in paragraph at lines 7--7
 []\/cmr/m/n/10 i 
 []

! Undefined control sequence.
l.8 {\large
            Maestr\'ia y Doctorado en Ciencias e Ingenier\'ia}\\[1cm]
The control sequence at the end of the top line
of your error message was never \def'ed. If you have
misspelled it (e.g., `\hobx'), type `I' and the correct
spelling (e.g., `I\hbox'). Otherwise just continue,
and I'll forget about whatever was undefined.

Missing character: There is no M in font nullfont!
Missing character: There is no a in font nullfont!
Missing character: There is no e in font nullfont!
Missing character: There is no s in font nullfont!
Missing character: There is no t in font nullfont!
Missing character: There is no r in font nullfont!
Missing character: There is no a in font nullfont!
Missing character: There is no y in font nullfont!
Missing character: There is no D in font nullfont!
Missing character: There is no o in font nullfont!
Missing character: There is no c in font nullfont!
Missing character: There is no t in font nullfont!
Missing character: There is no o in font nullfont!
Missing character: There is no r in font nullfont!
Missing character: There is no a in font nullfont!
Missing character: There is no d in font nullfont!
Missing character: There is no o in font nullfont!
Missing character: There is no e in font nullfont!
Missing character: There is no n in font nullfont!
Missing character: There is no C in font nullfont!
Missing character: There is no i in font nullfont!
Missing character: There is no e in font nullfont!
Missing character: There is no n in font nullfont!
Missing character: There is no c in font nullfont!
Missing character: There is no i in font nullfont!
Missing character: There is no a in font nullfont!
Missing character: There is no s in font nullfont!
Missing character: There is no e in font nullfont!
Missing character: There is no I in font nullfont!
Missing character: There is no n in font nullfont!
Missing character: There is no g in font nullfont!
Missing character: There is no e in font nullfont!
Missing character: There is no n in font nullfont!
Missing character: There is no i in font nullfont!
Missing character: There is no e in font nullfont!
Missing character: There is no r in font nullfont!
Missing character: There is no a in font nullfont!

Overfull \hbox (2.77779pt too wide) in paragraph at lines 8--8
 [][]\/cmr/m/n/10 i 
 []


Overfull \hbox (2.77779pt too wide) in paragraph at lines 8--8
 []\/cmr/m/n/10 i 
 []

! Undefined control sequence.
l.12 	\includegraphics
                      [
The control sequence at the end of the top line
of your error message was never \def'ed. If you have
misspelled it (e.g., `\hobx'), type `I' and the correct
spelling (e.g., `I\hbox'). Otherwise just continue,
and I'll forget about whatever was undefined.

Missing character: There is no [ in font nullfont!
Missing character: There is no w in font nullfont!
Missing character: There is no i in font nullfont!
Missing character: There is no d in font nullfont!
Missing character: There is no t in font nullfont!
Missing character: There is no h in font nullfont!
Missing character: There is no = in font nullfont!
Missing character: There is no 4 in font nullfont!
Missing character: There is no . in font nullfont!
Missing character: There is no 0 in font nullfont!
Missing character: There is no c in font nullfont!
Missing character: There is no m in font nullfont!
Missing character: There is no ] in font nullfont!
Missing character: There is no . in font nullfont!
Missing character: There is no / in font nullfont!
Missing character: There is no i in font nullfont!
Missing character: There is no m in font nullfont!
Missing character: There is no a in font nullfont!
Missing character: There is no g in font nullfont!
Missing character: There is no e in font nullfont!
Missing character: There is no n in font nullfont!
Missing character: There is no e in font nullfont!
Missing character: There is no s in font nullfont!
Missing character: There is no / in font nullfont!
Missing character: There is no l in font nullfont!
Missing character: There is no o in font nullfont!
Missing character: There is no g in font nullfont!
Missing character: There is no o in font nullfont!
! Missing $ inserted.
<inserted text> 
                $
l.15 ]{./imagenes/logo_
                       ITT1}
I've inserted a begin-math/end-math symbol since I think
you left one out. Proceed, with fingers crossed.

LaTeX Font Info:    External font `cmex10' loaded for size
(Font)              <7> on input line 15.
LaTeX Font Info:    External font `cmex10' loaded for size
(Font)              <5> on input line 15.
! Extra }, or forgotten $.
l.15 ]{./imagenes/logo_ITT1}
                            
I've deleted a group-closing symbol because it seems to be
spurious, as in `$x}$'. But perhaps the } is legitimate and
you forgot something else, as in `\hbox{$x}'. In such cases
the way to recover is to insert both the forgotten and the
deleted material, e.g., by typing `I$}'.


! LaTeX Error: Command \end{center} invalid in math mode.

See the LaTeX manual or LaTeX Companion for explanation.
Type  H <return>  for immediate help.
 ...                                              
                                                  
l.16 \end{center}
                 
Try typing  <return>  to proceed.
If that doesn't work, type  X <return>  to quit.


! LaTeX Error: Something's wrong--perhaps a missing \item.

See the LaTeX manual or LaTeX Companion for explanation.
Type  H <return>  for immediate help.
 ...                                              
                                                  
l.16 \end{center}
                 
Try typing  <return>  to proceed.
If that doesn't work, type  X <return>  to quit.


! LaTeX Error: Something's wrong--perhaps a missing \item.

See the LaTeX manual or LaTeX Companion for explanation.
Type  H <return>  for immediate help.
 ...                                              
                                                  
l.16 \end{center}
                 
Try typing  <return>  to proceed.
If that doesn't work, type  X <return>  to quit.

! Missing $ inserted.
<inserted text> 
                $
l.16 \end{center}
                 
I've inserted something that you may have forgotten.
(See the <inserted text> above.)
With luck, this will get me unwedged. But if you
really didn't forget anything, try typing `2' now; then
my insertion and my current dilemma will both disappear.

! Missing } inserted.
<inserted text> 
                }
l.16 \end{center}
                 
I've inserted something that you may have forgotten.
(See the <inserted text> above.)
With luck, this will get me unwedged. But if you
really didn't forget anything, try typing `2' now; then
my insertion and my current dilemma will both disappear.


Overfull \hbox (24.05353pt too wide) in paragraph at lines 12--17
[]\OML/cmm/m/it/10 TT\/cmr/m/n/10 1$ 
 []

! Undefined control sequence.
<recently read> \Large 
                       
l.20 ...erencias m\'{a}s Altas de los Estudiantes}
                                                  \\[0.3cm]
The control sequence at the end of the top line
of your error message was never \def'ed. If you have
misspelled it (e.g., `\hobx'), type `I' and the correct
spelling (e.g., `I\hbox'). Otherwise just continue,
and I'll forget about whatever was undefined.


LaTeX Font Warning: Font shape `OT1/cmr/bx/sc' undefined
(Font)              using `OT1/cmr/bx/n' instead on input line 20.


Overfull \hbox (37.59009pt too wide) in paragraph at lines 20--20
 \OT1/cmr/bx/n/10 Modelo 
 []


Overfull \hbox (17.77768pt too wide) in paragraph at lines 20--20
 \OT1/cmr/bx/n/10 Ed- 
 []


Overfull \hbox (20.92348pt too wide) in paragraph at lines 20--20
 \OT1/cmr/bx/n/10 uca- 
 []


Overfull \hbox (19.16656pt too wide) in paragraph at lines 20--20
 \OT1/cmr/bx/n/10 tivo 
 []


Overfull \hbox (14.58325pt too wide) in paragraph at lines 20--20
 \OT1/cmr/bx/n/10 In- 
 []


Overfull \hbox (42.96507pt too wide) in paragraph at lines 20--20
 \OT1/cmr/bx/n/10 teligente 
 []


Overfull \hbox (17.72908pt too wide) in paragraph at lines 20--20
 \OT1/cmr/bx/n/10 que 
 []


Overfull \hbox (27.47208pt too wide) in paragraph at lines 20--20
 \OT1/cmr/bx/n/10 Com- 
 []


Overfull \hbox (22.3054pt too wide) in paragraph at lines 20--20
 \OT1/cmr/bx/n/10 para 
 []


Overfull \hbox (17.72908pt too wide) in paragraph at lines 20--20
 \OT1/cmr/bx/n/10 Re- 
 []


Overfull \hbox (35.6262pt too wide) in paragraph at lines 20--20
 \OT1/cmr/bx/n/10 gresi^^Son 
 []


Overfull \hbox (20.33322pt too wide) in paragraph at lines 20--20
 \OT1/cmr/bx/n/10 Lin- 
 []


Overfull \hbox (14.05547pt too wide) in paragraph at lines 20--20
 \OT1/cmr/bx/n/10 eal 
 []


Overfull \hbox (24.3332pt too wide) in paragraph at lines 20--20
 \OT1/cmr/bx/n/10 Mul- 
 []


Overfull \hbox (11.49994pt too wide) in paragraph at lines 20--20
 \OT1/cmr/bx/n/10 ti- 
 []


Overfull \hbox (14.8541pt too wide) in paragraph at lines 20--20
 \OT1/cmr/bx/n/10 ple 
 []


Overfull \hbox (17.24991pt too wide) in paragraph at lines 20--20
 \OT1/cmr/bx/n/10 con 
 []


Overfull \hbox (15.9249pt too wide) in paragraph at lines 20--20
 \OT1/cmr/bx/n/10 Es- 
 []


Overfull \hbox (42.54971pt too wide) in paragraph at lines 20--20
 \OT1/cmr/bx/n/10 tad^^S^^Pstica 
 []


Overfull \hbox (38.7164pt too wide) in paragraph at lines 20--20
 \OT1/cmr/bx/n/10 Cl^^Sasica, 
 []


Overfull \hbox (17.72908pt too wide) in paragraph at lines 20--20
 \OT1/cmr/bx/n/10 Re- 
 []


Overfull \hbox (16.19574pt too wide) in paragraph at lines 20--20
 \OT1/cmr/bx/n/10 des 
 []


Overfull \hbox (24.49294pt too wide) in paragraph at lines 20--20
 \OT1/cmr/bx/n/10 Neu- 
 []


Overfull \hbox (35.46646pt too wide) in paragraph at lines 20--20
 \OT1/cmr/bx/n/10 ronales 
 []


Overfull \hbox (17.26381pt too wide) in paragraph at lines 20--20
 \OT1/cmr/bx/n/10 Ar- 
 []


Overfull \hbox (11.49994pt too wide) in paragraph at lines 20--20
 \OT1/cmr/bx/n/10 ti- 
 []


Overfull \hbox (10.22217pt too wide) in paragraph at lines 20--20
 \OT1/cmr/bx/n/10 fi- 
 []


Overfull \hbox (26.89705pt too wide) in paragraph at lines 20--20
 \OT1/cmr/bx/n/10 ciales 
 []


Overfull \hbox (6.06941pt too wide) in paragraph at lines 20--20
 \OT1/cmr/bx/n/10 y 
 []


Overfull \hbox (43.40393pt too wide) in paragraph at lines 20--20
 \OT1/cmr/bx/n/10 M^^Setodos 
 []


Overfull \hbox (43.18866pt too wide) in paragraph at lines 20--20
 \OT1/cmr/bx/n/10 H^^S^^Pbridos 
 []


Overfull \hbox (14.58325pt too wide) in paragraph at lines 20--20
 \OT1/cmr/bx/n/10 In- 
 []


Overfull \hbox (47.50114pt too wide) in paragraph at lines 20--20
 \OT1/cmr/bx/n/10 teligentes 
 []


Overfull \hbox (22.3054pt too wide) in paragraph at lines 20--20
 \OT1/cmr/bx/n/10 para 
 []


Overfull \hbox (17.92352pt too wide) in paragraph at lines 20--20
 \OT1/cmr/bx/n/10 De- 
 []


Overfull \hbox (31.89706pt too wide) in paragraph at lines 20--20
 \OT1/cmr/bx/n/10 scribir 
 []


Overfull \hbox (13.32072pt too wide) in paragraph at lines 20--20
 \OT1/cmr/bx/n/10 las 
 []


Overfull \hbox (25.21516pt too wide) in paragraph at lines 20--20
 \OT1/cmr/bx/n/10 Pref- 
 []


Overfull \hbox (13.84023pt too wide) in paragraph at lines 20--20
 \OT1/cmr/bx/n/10 er- 
 []


Overfull \hbox (15.49298pt too wide) in paragraph at lines 20--20
 \OT1/cmr/bx/n/10 en- 
 []


Overfull \hbox (18.43181pt too wide) in paragraph at lines 20--20
 \OT1/cmr/bx/n/10 cias 
 []


Overfull \hbox (19.70958pt too wide) in paragraph at lines 20--20
 \OT1/cmr/bx/n/10 m^^Sas 
 []


Overfull \hbox (15.72214pt too wide) in paragraph at lines 20--20
 \OT1/cmr/bx/n/10 Al- 
 []


Overfull \hbox (14.5985pt too wide) in paragraph at lines 20--20
 \OT1/cmr/bx/n/10 tas 
 []


Overfull \hbox (11.65967pt too wide) in paragraph at lines 20--20
 \OT1/cmr/bx/n/10 de 
 []


Overfull \hbox (13.48047pt too wide) in paragraph at lines 20--20
 \OT1/cmr/bx/n/10 los 
 []


Overfull \hbox (15.9249pt too wide) in paragraph at lines 20--20
 \OT1/cmr/bx/n/10 Es- 
 []


Overfull \hbox (14.69437pt too wide) in paragraph at lines 20--20
 \OT1/cmr/bx/n/10 tu- 
 []


Overfull \hbox (13.4166pt too wide) in paragraph at lines 20--20
 \OT1/cmr/bx/n/10 di- 
 []


Overfull \hbox (25.93872pt too wide) in paragraph at lines 20--20
 \OT1/cmr/bx/n/10 antes 
 []


Overfull \hbox (31.55519pt too wide) in paragraph at lines 26--26
 \OT1/cmr/m/sc/10 TESIS 
 []


Overfull \hbox (24.83041pt too wide) in paragraph at lines 27--27
 []\OT1/cmr/m/sc/10 Para 
 []


Overfull \hbox (43.46643pt too wide) in paragraph at lines 27--27
 \OT1/cmr/m/sc/10 Obtener 
 []


Overfull \hbox (10.71104pt too wide) in paragraph at lines 27--27
 \OT1/cmr/m/sc/10 el 
 []


Overfull \hbox (33.26929pt too wide) in paragraph at lines 27--27
 \OT1/cmr/m/sc/10 Grado 
 []


Overfull \hbox (11.82217pt too wide) in paragraph at lines 27--27
 \OT1/cmr/m/sc/10 de 
 []


Overfull \hbox (38.847pt too wide) in paragraph at lines 28--28
 []\OT1/cmr/m/sc/10 Doctor 
 []


Overfull \hbox (11.71106pt too wide) in paragraph at lines 28--28
 \OT1/cmr/m/sc/10 en 
 []


Overfull \hbox (26.37204pt too wide) in paragraph at lines 28--28
 \OT1/cmr/m/sc/10 Cien- 
 []


Overfull \hbox (19.64435pt too wide) in paragraph at lines 28--28
 \OT1/cmr/m/sc/10 cias 
 []


Overfull \hbox (41.48164pt too wide) in paragraph at lines 32--32
 \OT1/cmr/m/it/10 Presenta: 
 []

! Undefined control sequence.
<recently read> \Large 
                       
l.33 ...c{\Large Jos\'e Sergio Magdaleno Palencia}
                                                  \\
The control sequence at the end of the top line
of your error message was never \def'ed. If you have
misspelled it (e.g., `\hobx'), type `I' and the correct
spelling (e.g., `I\hbox'). Otherwise just continue,
and I'll forget about whatever was undefined.


Overfull \hbox (22.17763pt too wide) in paragraph at lines 33--33
 []\OT1/cmr/m/sc/10 Jos[]e 
 []


Overfull \hbox (21.48872pt too wide) in paragraph at lines 33--33
 \OT1/cmr/m/sc/10 Ser- 
 []


Overfull \hbox (15.7888pt too wide) in paragraph at lines 33--33
 \OT1/cmr/m/sc/10 gio 
 []


Overfull \hbox (25.98868pt too wide) in paragraph at lines 33--33
 \OT1/cmr/m/sc/10 Mag- 
 []


Overfull \hbox (35.35541pt too wide) in paragraph at lines 33--33
 \OT1/cmr/m/sc/10 daleno 
 []


Overfull \hbox (16.45264pt too wide) in paragraph at lines 33--33
 \OT1/cmr/m/sc/10 Pa- 
 []


Overfull \hbox (20.6221pt too wide) in paragraph at lines 33--33
 \OT1/cmr/m/sc/10 len- 
 []


Overfull \hbox (15.06659pt too wide) in paragraph at lines 33--33
 \OT1/cmr/m/sc/10 cia 
 []


Overfull \hbox (4095.99998pt too wide) in paragraph at lines 37--51
[]$[]$
 []


Overfull \hbox (4095.99998pt too wide) in paragraph at lines 37--51
[]$ 
 []

! Undefined control sequence.
l.55 	\small
             \textsc{Tijuana, Baja California, M\'exico \hspace{5cm} Septiem...
The control sequence at the end of the top line
of your error message was never \def'ed. If you have
misspelled it (e.g., `\hobx'), type `I' and the correct
spelling (e.g., `I\hbox'). Otherwise just continue,
and I'll forget about whatever was undefined.


Overfull \hbox (42.85533pt too wide) in paragraph at lines 55--56
 \OT1/cmr/m/sc/10 Tijuana, 
 []


Overfull \hbox (24.21931pt too wide) in paragraph at lines 55--56
 \OT1/cmr/m/sc/10 Baja 
 []


Overfull \hbox (22.9054pt too wide) in paragraph at lines 55--56
 \OT1/cmr/m/sc/10 Cal- 
 []


Overfull \hbox (6.79994pt too wide) in paragraph at lines 55--56
 \OT1/cmr/m/sc/10 i- 
 []


Overfull \hbox (21.28879pt too wide) in paragraph at lines 55--56
 \OT1/cmr/m/sc/10 for- 
 []


Overfull \hbox (18.48323pt too wide) in paragraph at lines 55--56
 \OT1/cmr/m/sc/10 nia, 
 []


Overfull \hbox (36.88864pt too wide) in paragraph at lines 55--56
 \OT1/cmr/m/sc/10 M[]exico 
 []


Overfull \hbox (21.04427pt too wide) in paragraph at lines 55--56
 \OT1/cmr/m/sc/10 Sep- 
 []


Overfull \hbox (25.75539pt too wide) in paragraph at lines 55--56
 \OT1/cmr/m/sc/10 tiem- 
 []


Overfull \hbox (17.39993pt too wide) in paragraph at lines 55--56
 \OT1/cmr/m/sc/10 bre 
 []


Overfull \hbox (16.95547pt too wide) in paragraph at lines 55--56
 \OT1/cmr/m/sc/10 del 
 []


Overfull \hbox (22.1109pt too wide) in paragraph at lines 55--56
 \OT1/cmr/m/sc/10 2014 
 []


! LaTeX Error: \begin{document} ended by \end{titlepage}.

See the LaTeX manual or LaTeX Companion for explanation.
Type  H <return>  for immediate help.
 ...                                              
                                                  
l.58 \end{titlepage}
                    
Your command was ignored.
Type  I <command> <return>  to replace it with another command,
or  <return>  to continue without it.

)
! Emergency stop.
<*> portada.tex
               
*** (job aborted, no legal \end found)

 
Here is how much of TeX's memory you used:
 31 strings out of 493117
 369 string characters out of 6135433
 56909 words of memory out of 5000000
 3590 multiletter control sequences out of 15000+600000
 4595 words of font info for 17 fonts, out of 8000000 for 9000
 1141 hyphenation exceptions out of 8191
 18i,3n,16p,306b,180s stack positions out of 5000i,500n,10000p,200000b,80000s
!  ==> Fatal error occurred, no output PDF file produced!
