\BOOKMARK [0][-]{chapter.1}{Introduction}{}% 1
\BOOKMARK [1][-]{section.1.1}{State of the art}{chapter.1}% 2
\BOOKMARK [1][-]{section.1.2}{Protocol}{chapter.1}% 3
\BOOKMARK [2][-]{subsection.1.2.1}{Problem}{section.1.2}% 4
\BOOKMARK [2][-]{subsection.1.2.2}{Justification}{section.1.2}% 5
\BOOKMARK [2][-]{subsection.1.2.3}{Hipothesis}{section.1.2}% 6
\BOOKMARK [2][-]{subsection.1.2.4}{Objectives}{section.1.2}% 7
\BOOKMARK [2][-]{subsection.1.2.5}{Goals}{section.1.2}% 8
\BOOKMARK [1][-]{section.1.3}{As this document is organized.}{chapter.1}% 9
\BOOKMARK [0][-]{chapter.2}{Theoretical Framework}{}% 10
\BOOKMARK [1][-]{subsection.2.0.1}{Subsection}{chapter.2}% 11
\BOOKMARK [0][-]{chapter.3}{Methodology}{}% 12
\BOOKMARK [1][-]{section.3.1}{Study Case}{chapter.3}% 13
\BOOKMARK [2][-]{subsection.3.1.1}{Study Case Description}{section.3.1}% 14
\BOOKMARK [0][-]{chapter.4}{Results Analysis}{}% 15
\BOOKMARK [1][-]{section.4.1}{Preliminary Results}{chapter.4}% 16
\BOOKMARK [1][-]{section.4.2}{Another section}{chapter.4}% 17
\BOOKMARK [0][-]{chapter.5}{Proposed Model}{}% 18
\BOOKMARK [1][-]{section.5.1}{Another section}{chapter.5}% 19
\BOOKMARK [0][-]{chapter.6}{Conclusions and Future Work}{}% 20
\BOOKMARK [1][-]{section.6.1}{Conclusions}{chapter.6}% 21
\BOOKMARK [1][-]{section.6.2}{Future Work}{chapter.6}% 22
\BOOKMARK [0][-]{appendix.Alph1}{Annex I: Something}{}% 23
\BOOKMARK [0][-]{appendix.Alph2}{Annex II: Something}{}% 24
\BOOKMARK [0][-]{appendix.Alph3}{Annex III: Something}{}% 25
\BOOKMARK [0][-]{appendix.Alph4}{Annex N: Something}{}% 26
